<?xml version="1.0" encoding="UTF-8"?>
<!-- Generated by org.testng.reporters.JUnitReportReporter -->
<testsuite hostname="DESKTOP-QF2946Q" failures="0" tests="1" name="package001.TestSeleniumproject" time="38.580" errors="0" timestamp="2025-10-13T09:51:36 IST" skipped="0">
  <testcase classname="package001.TestSeleniumproject" name="Test001" time="38.580"/>
</testsuite> <!-- package001.TestSeleniumproject -->
